<?xml version="1.0" encoding="UTF-8"?>
<testng-results skipped="0" failed="0" ignored="0" total="1" passed="1">
  <reporter-output>
  </reporter-output>
  <suite name="Default suite" duration-ms="14252" started-at="2020-08-14T20:18:53Z" finished-at="2020-08-14T20:19:07Z">
    <groups>
    </groups>
    <test name="Default test" duration-ms="14252" started-at="2020-08-14T20:18:53Z" finished-at="2020-08-14T20:19:07Z">
      <class name="pages.Login">
        <test-method status="PASS" signature="login()[pri:0, instance:pages.Login@3ffc5af1]" name="login" duration-ms="14161" started-at="2020-08-14T20:18:53Z" finished-at="2020-08-14T20:19:07Z">
          <reporter-output>
          </reporter-output>
        </test-method> <!-- login -->
        <test-method status="PASS" signature="tearDown()[pri:0, instance:pages.Login@3ffc5af1]" name="tearDown" is-config="true" duration-ms="2208" started-at="2020-08-14T20:19:07Z" finished-at="2020-08-14T20:19:10Z">
          <reporter-output>
          </reporter-output>
        </test-method> <!-- tearDown -->
      </class> <!-- pages.Login -->
    </test> <!-- Default test -->
  </suite> <!-- Default suite -->
</testng-results>
